[2023-11-30 03:29:11] This is codeql database create security --language=python
[2023-11-30 03:29:11] Log file was started late.
[2023-11-30 03:29:11] [PROGRESS] database create> Initializing database at /home/chaca/Documents/Tese/Tese/security.
[2023-11-30 03:29:11] Running plumbing command: codeql database init --language=python --extractor-options-verbosity=1 --qlconfig-file=/home/chaca/Documents/Tese/Tese/qlconfig.yml --source-root=/home/chaca/Documents/Tese/Tese --allow-missing-source-root=false --allow-already-existing -- /home/chaca/Documents/Tese/Tese/security
[2023-11-30 03:29:11] Calling plumbing command: codeql resolve languages --extractor-options-verbosity=1 --format=betterjson
[2023-11-30 03:29:11] [DETAILS] resolve languages> Scanning for [codeql-extractor.yml] from /home/chaca/codeql-home/codeql/.codeqlmanifest.json
[2023-11-30 03:29:11] [DETAILS] resolve languages> Parsing /home/chaca/codeql-home/codeql/ruby/codeql-extractor.yml.
[2023-11-30 03:29:11] [DETAILS] resolve languages> Parsing /home/chaca/codeql-home/codeql/cpp/codeql-extractor.yml.
[2023-11-30 03:29:11] [DETAILS] resolve languages> Parsing /home/chaca/codeql-home/codeql/csv/codeql-extractor.yml.
[2023-11-30 03:29:11] [DETAILS] resolve languages> Parsing /home/chaca/codeql-home/codeql/python/codeql-extractor.yml.
[2023-11-30 03:29:11] [DETAILS] resolve languages> Parsing /home/chaca/codeql-home/codeql/xml/codeql-extractor.yml.
[2023-11-30 03:29:11] [DETAILS] resolve languages> Parsing /home/chaca/codeql-home/codeql/html/codeql-extractor.yml.
[2023-11-30 03:29:11] [DETAILS] resolve languages> Parsing /home/chaca/codeql-home/codeql/properties/codeql-extractor.yml.
[2023-11-30 03:29:11] [DETAILS] resolve languages> Parsing /home/chaca/codeql-home/codeql/javascript/codeql-extractor.yml.
[2023-11-30 03:29:11] [DETAILS] resolve languages> Parsing /home/chaca/codeql-home/codeql/yaml/codeql-extractor.yml.
[2023-11-30 03:29:11] [DETAILS] resolve languages> Parsing /home/chaca/codeql-home/codeql/java/codeql-extractor.yml.
[2023-11-30 03:29:11] [DETAILS] resolve languages> Parsing /home/chaca/codeql-home/codeql/csharp/codeql-extractor.yml.
[2023-11-30 03:29:11] [DETAILS] resolve languages> Parsing /home/chaca/codeql-home/codeql/swift/codeql-extractor.yml.
[2023-11-30 03:29:11] [DETAILS] resolve languages> Parsing /home/chaca/codeql-home/codeql/go/codeql-extractor.yml.
[2023-11-30 03:29:11] Plumbing command codeql resolve languages completed:
                      {
                        "aliases" : {
                          "c" : "cpp",
                          "c++" : "cpp",
                          "c-c++" : "cpp",
                          "c-cpp" : "cpp",
                          "c#" : "csharp",
                          "java-kotlin" : "java",
                          "kotlin" : "java",
                          "javascript-typescript" : "javascript",
                          "typescript" : "javascript"
                        },
                        "extractors" : {
                          "ruby" : [
                            {
                              "extractor_root" : "/home/chaca/codeql-home/codeql/ruby",
                              "extractor_options" : {
                                "trap" : {
                                  "title" : "Options pertaining to TRAP.",
                                  "description" : "Options pertaining to TRAP.",
                                  "type" : "object",
                                  "properties" : {
                                    "compression" : {
                                      "title" : "Controls compression for the TRAP files written by the extractor.",
                                      "description" : "This option is only intended for use in debugging the extractor. Accepted values are 'gzip' (the default, to write gzip-compressed TRAP) and 'none' (to write uncompressed TRAP).\n",
                                      "type" : "string",
                                      "pattern" : "^(none|gzip)$"
                                    }
                                  }
                                }
                              }
                            }
                          ],
                          "cpp" : [
                            {
                              "extractor_root" : "/home/chaca/codeql-home/codeql/cpp"
                            }
                          ],
                          "csv" : [
                            {
                              "extractor_root" : "/home/chaca/codeql-home/codeql/csv"
                            }
                          ],
                          "python" : [
                            {
                              "extractor_root" : "/home/chaca/codeql-home/codeql/python",
                              "extractor_options" : {
                                "logging" : {
                                  "title" : "Options pertaining to logging.",
                                  "description" : "Options pertaining to logging.",
                                  "type" : "object",
                                  "properties" : {
                                    "verbosity" : {
                                      "title" : "Python extractor logging verbosity level.",
                                      "description" : "Controls the level of verbosity of the CodeQL Python extractor.\nThe supported levels are (in order of increasing verbosity):\n\n  - off\n  - errors\n  - warnings\n  - info or progress\n  - debug or progress+\n  - trace or progress++\n  - progress+++\n",
                                      "type" : "string",
                                      "pattern" : "^(off|errors|warnings|(info|progress)|(debug|progress\\+)|(trace|progress\\+\\+)|progress\\+\\+\\+)$"
                                    }
                                  }
                                }
                              }
                            }
                          ],
                          "xml" : [
                            {
                              "extractor_root" : "/home/chaca/codeql-home/codeql/xml"
                            }
                          ],
                          "html" : [
                            {
                              "extractor_root" : "/home/chaca/codeql-home/codeql/html"
                            }
                          ],
                          "properties" : [
                            {
                              "extractor_root" : "/home/chaca/codeql-home/codeql/properties"
                            }
                          ],
                          "javascript" : [
                            {
                              "extractor_root" : "/home/chaca/codeql-home/codeql/javascript",
                              "extractor_options" : { }
                            }
                          ],
                          "yaml" : [
                            {
                              "extractor_root" : "/home/chaca/codeql-home/codeql/yaml"
                            }
                          ],
                          "java" : [
                            {
                              "extractor_root" : "/home/chaca/codeql-home/codeql/java",
                              "extractor_options" : {
                                "exclude" : {
                                  "title" : "A glob excluding files from analysis.",
                                  "description" : "A glob indicating what files to exclude from the analysis.\n",
                                  "type" : "string"
                                },
                                "add_prefer_source" : {
                                  "title" : "Whether to always prefer source files over class files.",
                                  "description" : "A value indicating whether source files should be preferred over class files. If set to 'true', the extraction adds '-Xprefer:source' to the javac command line. If set to 'false', the extraction uses the default javac behavior ('-Xprefer:newer'). The default is 'true'.\n",
                                  "type" : "string",
                                  "pattern" : "^(false|true)$"
                                },
                                "buildless" : {
                                  "title" : "Whether to use buildless (standalone) extraction (experimental).",
                                  "description" : "A value indicating, which type of extraction the autobuilder should perform. If 'true', then the standalone extractor will be used, otherwise tracing extraction will be performed. The default is 'false'. Note that buildless extraction will generally yield less accurate analysis results, and should only be used in cases where it is not possible to build the code (for example if it uses inaccessible dependencies).\n",
                                  "type" : "string",
                                  "pattern" : "^(false|true)$"
                                }
                              }
                            }
                          ],
                          "csharp" : [
                            {
                              "extractor_root" : "/home/chaca/codeql-home/codeql/csharp",
                              "extractor_options" : {
                                "trap" : {
                                  "title" : "Options pertaining to TRAP.",
                                  "description" : "Options pertaining to TRAP.",
                                  "type" : "object",
                                  "properties" : {
                                    "compression" : {
                                      "title" : "Controls compression for the TRAP files written by the extractor.",
                                      "description" : "This option is only intended for use in debugging the extractor. Accepted values are 'brotli' (the default, to write brotli-compressed TRAP), 'gzip', and 'none' (to write uncompressed TRAP).\n",
                                      "type" : "string",
                                      "pattern" : "^(none|gzip|brotli)$"
                                    }
                                  }
                                },
                                "buildless" : {
                                  "title" : "Whether to use buildless (standalone) extraction.",
                                  "description" : "A value indicating, which type of extraction the autobuilder should perform. If 'true', then the standalone extractor will be used, otherwise tracing extraction will be performed. The default is 'false'. Note that buildless extraction will generally yield less accurate analysis results, and should only be used in cases where it is not possible to build the code (for example if it uses inaccessible dependencies).\n",
                                  "type" : "string",
                                  "pattern" : "^(false|true)$"
                                },
                                "cil" : {
                                  "title" : "Whether to enable CIL extraction.",
                                  "description" : "A value indicating, whether CIL extraction should be enabled. The default is 'true'.\n",
                                  "type" : "string",
                                  "pattern" : "^(false|true)$"
                                }
                              }
                            }
                          ],
                          "swift" : [
                            {
                              "extractor_root" : "/home/chaca/codeql-home/codeql/swift"
                            }
                          ],
                          "go" : [
                            {
                              "extractor_root" : "/home/chaca/codeql-home/codeql/go"
                            }
                          ]
                        }
                      }
[2023-11-30 03:29:11] [PROGRESS] database init> Calculating baseline information in /home/chaca/Documents/Tese/Tese
[2023-11-30 03:29:11] [SPAMMY] database init> Ignoring the following directories when processing baseline information: .git, .hg, .svn.
[2023-11-30 03:29:11] [DETAILS] database init> Running command in /home/chaca/Documents/Tese/Tese: /home/chaca/codeql-home/codeql/tools/linux64/scc --by-file --exclude-dir .git,.hg,.svn --format json --no-large --no-min .
[2023-11-30 03:29:11] [SPAMMY] database init> Found 2 baseline files for python.
[2023-11-30 03:29:11] [PROGRESS] database init> Calculated baseline information for languages: python (29ms).
[2023-11-30 03:29:11] [PROGRESS] database init> Resolving extractor python.
[2023-11-30 03:29:11] [DETAILS] database init> Found candidate extractor root for python: /home/chaca/codeql-home/codeql/python.
[2023-11-30 03:29:11] [PROGRESS] database init> Successfully loaded extractor Python (python) from /home/chaca/codeql-home/codeql/python.
[2023-11-30 03:29:12] [PROGRESS] database init> Created skeleton CodeQL database at /home/chaca/Documents/Tese/Tese/security. This in-progress database is ready to be populated by an extractor.
[2023-11-30 03:29:12] Plumbing command codeql database init completed.
[2023-11-30 03:29:12] [PROGRESS] database create> Running build command: []
[2023-11-30 03:29:12] Running plumbing command: codeql database trace-command --working-dir=/home/chaca/Documents/Tese/Tese --index-traceless-dbs --no-db-cluster -- /home/chaca/Documents/Tese/Tese/security
[2023-11-30 03:29:12] Using autobuild script /home/chaca/codeql-home/codeql/python/tools/autobuild.sh.
[2023-11-30 03:29:12] [PROGRESS] database trace-command> Running command in /home/chaca/Documents/Tese/Tese: [/home/chaca/codeql-home/codeql/python/tools/autobuild.sh]
[2023-11-30 03:29:12] [build-stderr] /bin/sh: linha 1: python2: comando não encontrado
[2023-11-30 03:29:12] [build-stdout] No directories containing root identifiers were found. Returning working directory as root.
[2023-11-30 03:29:12] [build-stdout] Will try to guess Python version, as it was not specified in `lgtm.yml`
[2023-11-30 03:29:12] [build-stdout] Trying to guess Python version based on Trove classifiers in setup.py
[2023-11-30 03:29:12] [build-stdout] Did not find setup.py (expected it to be at /home/chaca/Documents/Tese/Tese/setup.py)
[2023-11-30 03:29:12] [build-stdout] Trying to guess Python version based on travis file
[2023-11-30 03:29:12] [build-stdout] Did not find any travis files (expected them at either ['/home/chaca/Documents/Tese/Tese/.travis.yml', '/home/chaca/Documents/Tese/Tese/travis.yml'])
[2023-11-30 03:29:12] [build-stdout] Trying to guess Python version based on installed versions
[2023-11-30 03:29:12] [build-stdout] Wanted to run Python 2, but it is not available. Using Python 3 instead
[2023-11-30 03:29:12] [build-stdout] This script is running Python 3, but Python 2 is also available (as 'python3')
[2023-11-30 03:29:12] [build-stdout] Could not guess Python version, will use default: Python 3
[2023-11-30 03:29:12] [build-stdout] Calling python3 /home/chaca/codeql-home/codeql/python/tools/get_venv_lib.py
[2023-11-30 03:29:12] [build-stdout] Calling python3 -S /home/chaca/codeql-home/codeql/python/tools/python_tracer.py -v -z all -c /home/chaca/Documents/Tese/Tese/security/working/trap_cache -p /usr/lib/python3.11/site-packages -R /home/chaca/Documents/Tese/Tese
[2023-11-30 03:29:12] [build-stdout] [INFO] Extraction will use the Python 3 standard library.
[2023-11-30 03:29:12] [build-stdout] [INFO] sys_path is: ['/home/chaca/codeql-home/codeql/python/tools', '/usr/lib/python311.zip', '/usr/lib/python3.11', '/usr/lib/python3.11/lib-dynload']
[2023-11-30 03:29:12] [build-stdout] [INFO] Python version 3.11.6
[2023-11-30 03:29:12] [build-stdout] [INFO] Python extractor version 5.37
[2023-11-30 03:29:12] [build-stdout] [INFO] [1] Extracted folder /home/chaca/Documents/Tese/Tese/src in 2ms
[2023-11-30 03:29:12] [build-stdout] [INFO] [1] Extracted folder /home/chaca/Documents/Tese/Tese/tests in 0ms
[2023-11-30 03:29:12] [build-stdout] [INFO] [2] Extracted file /home/chaca/Documents/Tese/Tese/src/add.py in 9ms
[2023-11-30 03:29:12] [build-stdout] [INFO] [3] Extracted file /home/chaca/Documents/Tese/Tese/tests/test_mymodule.py in 12ms
[2023-11-30 03:29:12] [build-stdout] [INFO] Processed 4 modules in 0.11s
[2023-11-30 03:29:12] Plumbing command codeql database trace-command completed.
[2023-11-30 03:29:12] [PROGRESS] database create> Finalizing database at /home/chaca/Documents/Tese/Tese/security.
[2023-11-30 03:29:12] Running plumbing command: codeql database finalize --mode=trim --no-db-cluster -- /home/chaca/Documents/Tese/Tese/security
[2023-11-30 03:29:12] Using pre-finalize script /home/chaca/codeql-home/codeql/python/tools/pre-finalize.sh.
[2023-11-30 03:29:12] [PROGRESS] database finalize> Running pre-finalize script /home/chaca/codeql-home/codeql/python/tools/pre-finalize.sh in /home/chaca/Documents/Tese/Tese.
[2023-11-30 03:29:12] Running plumbing command: codeql database trace-command --working-dir=/home/chaca/Documents/Tese/Tese --no-tracing -- /home/chaca/Documents/Tese/Tese/security /home/chaca/codeql-home/codeql/python/tools/pre-finalize.sh
[2023-11-30 03:29:12] [PROGRESS] database trace-command> Running command in /home/chaca/Documents/Tese/Tese: [/home/chaca/codeql-home/codeql/python/tools/pre-finalize.sh]
[2023-11-30 03:29:13] [build-stderr] Scanning for files in /home/chaca/Documents/Tese/Tese...
[2023-11-30 03:29:13] [build-stderr] /home/chaca/Documents/Tese/Tese/security: Indexing files in in /home/chaca/Documents/Tese/Tese...
[2023-11-30 03:29:13] [build-stderr] Running command in /home/chaca/Documents/Tese/Tese: [/home/chaca/codeql-home/codeql/yaml/tools/index-files.sh, /home/chaca/Documents/Tese/Tese/security/working/files-to-index12326397298151457153.list]
[2023-11-30 03:29:13] Plumbing command codeql database trace-command completed.
[2023-11-30 03:29:13] [PROGRESS] database finalize> Running TRAP import for CodeQL database at /home/chaca/Documents/Tese/Tese/security...
[2023-11-30 03:29:13] Running plumbing command: codeql dataset import --dbscheme=/home/chaca/codeql-home/codeql/python/semmlecode.python.dbscheme -- /home/chaca/Documents/Tese/Tese/security/db-python /home/chaca/Documents/Tese/Tese/security/trap/python
[2023-11-30 03:29:13] Clearing disk cache since the version file /home/chaca/Documents/Tese/Tese/security/db-python/default/cache/version does not exist
[2023-11-30 03:29:13] Tuple pool not found. Clearing relations with cached strings
[2023-11-30 03:29:13] Trimming disk cache at /home/chaca/Documents/Tese/Tese/security/db-python/default/cache in mode clear.
[2023-11-30 03:29:13] Sequence stamp origin is -6246793907190303572
[2023-11-30 03:29:13] Pausing evaluation to hard-clear memory at sequence stamp o+0
[2023-11-30 03:29:13] Unpausing evaluation
[2023-11-30 03:29:13] Pausing evaluation to quickly trim disk at sequence stamp o+1
[2023-11-30 03:29:13] Unpausing evaluation
[2023-11-30 03:29:13] Pausing evaluation to zealously trim disk at sequence stamp o+2
[2023-11-30 03:29:13] Unpausing evaluation
[2023-11-30 03:29:13] Trimming completed (8ms): Purged everything.
[2023-11-30 03:29:13] Scanning for files in /home/chaca/Documents/Tese/Tese/security/trap/python
[2023-11-30 03:29:13] Found 13 TRAP files (453.68 KiB)
[2023-11-30 03:29:13] [PROGRESS] dataset import> Importing TRAP files
[2023-11-30 03:29:13] Importing $files.X0intqPlPbyeykSFkqjg5Wh5E28=.trap.gz (1 of 13)
[2023-11-30 03:29:14] Importing $files.tiMoIml5E9AqbPE6lp04vEIdvsg=.trap.gz (2 of 13)
[2023-11-30 03:29:14] Importing $flags.DL2m5qG3EM5s-GXqlKIm-whJ824=.trap.gz (3 of 13)
[2023-11-30 03:29:14] Importing $interpreter3.DlG09qo0pe6d0AOiuT_K3M2ymjw=.trap.gz (4 of 13)
[2023-11-30 03:29:14] Importing $stdlib_33.DkUKb8Hy-fo1kgBYl_CpQyhw0ww=.trap (5 of 13)
[2023-11-30 03:29:14] Importing add.py.DvtHRwbWGExQc7XRcQ2A0LfzUsw=.trap.gz (6 of 13)
[2023-11-30 03:29:14] Importing hello_world.yaml.trap.gz (7 of 13)
[2023-11-30 03:29:14] Importing pytest.yml.trap.gz (8 of 13)
[2023-11-30 03:29:14] Importing codeql-database.yml.trap.gz (9 of 13)
[2023-11-30 03:29:14] Importing sourceLocationPrefix.trap.gz (10 of 13)
[2023-11-30 03:29:14] Importing src.135g3lapDD-zaspIA2rY1jfE4F8=.trap.gz (11 of 13)
[2023-11-30 03:29:14] Importing test_mymodule.py.NoyuSBp_Ho3un3rqQEL-_AN7NWY=.trap.gz (12 of 13)
[2023-11-30 03:29:14] Importing tests.1QD8QU02WznOBhRcPB0XIVSRHDI=.trap.gz (13 of 13)
[2023-11-30 03:29:14] [PROGRESS] dataset import> Merging relations
[2023-11-30 03:29:14] Merging 1 fragment for 'files'.
[2023-11-30 03:29:14] Merged 40 bytes for 'files'.
[2023-11-30 03:29:14] Merging 1 fragment for 'folders'.
[2023-11-30 03:29:14] Merged 88 bytes for 'folders'.
[2023-11-30 03:29:14] Merging 1 fragment for 'containerparent'.
[2023-11-30 03:29:14] Merged 120 bytes for 'containerparent'.
[2023-11-30 03:29:14] Merging 1 fragment for 'py_flags_versioned'.
[2023-11-30 03:29:14] Merged 840 bytes for 'py_flags_versioned'.
[2023-11-30 03:29:14] Merging 1 fragment for 'py_cobjects'.
[2023-11-30 03:29:14] Merged 17568 bytes (17.16 KiB) for 'py_cobjects'.
[2023-11-30 03:29:14] Merging 1 fragment for 'py_cobjecttypes'.
[2023-11-30 03:29:14] Merged 19144 bytes (18.70 KiB) for 'py_cobjecttypes'.
[2023-11-30 03:29:14] Merging 1 fragment for 'py_cobject_sources'.
[2023-11-30 03:29:14] Merged 38528 bytes (37.62 KiB) for 'py_cobject_sources'.
[2023-11-30 03:29:14] Merging 1 fragment for 'py_cobjectnames'.
[2023-11-30 03:29:14] Merged 19144 bytes (18.70 KiB) for 'py_cobjectnames'.
[2023-11-30 03:29:14] Merging 1 fragment for 'py_cmembers_versioned'.
[2023-11-30 03:29:14] Merged 40832 bytes (39.88 KiB) for 'py_cmembers_versioned'.
[2023-11-30 03:29:14] Merging 1 fragment for 'py_special_objects'.
[2023-11-30 03:29:14] Merged 336 bytes for 'py_special_objects'.
[2023-11-30 03:29:14] Merging 1 fragment for 'py_citems'.
[2023-11-30 03:29:14] Merged 1992 bytes (1.95 KiB) for 'py_citems'.
[2023-11-30 03:29:14] Merging 1 fragment for 'ext_rettype'.
[2023-11-30 03:29:14] Merged 12712 bytes (12.41 KiB) for 'ext_rettype'.
[2023-11-30 03:29:14] Merging 1 fragment for 'ext_argtype'.
[2023-11-30 03:29:14] Merged 25536 bytes (24.94 KiB) for 'ext_argtype'.
[2023-11-30 03:29:14] Merging 1 fragment for 'ext_argreturn'.
[2023-11-30 03:29:14] Merged 72 bytes for 'ext_argreturn'.
[2023-11-30 03:29:14] Merging 1 fragment for 'ext_proptype'.
[2023-11-30 03:29:14] Merged 1072 bytes (1.05 KiB) for 'ext_proptype'.
[2023-11-30 03:29:14] Merging 1 fragment for 'py_Modules'.
[2023-11-30 03:29:14] Merged 16 bytes for 'py_Modules'.
[2023-11-30 03:29:14] Merging 1 fragment for 'py_module_path'.
[2023-11-30 03:29:14] Merged 32 bytes for 'py_module_path'.
[2023-11-30 03:29:14] Merging 1 fragment for 'variable'.
[2023-11-30 03:29:14] Merged 132 bytes for 'variable'.
[2023-11-30 03:29:14] Merging 1 fragment for 'py_extracted_version'.
[2023-11-30 03:29:14] Merged 16 bytes for 'py_extracted_version'.
[2023-11-30 03:29:14] Merging 1 fragment for 'py_stmt_lists'.
[2023-11-30 03:29:14] Merged 48 bytes for 'py_stmt_lists'.
[2023-11-30 03:29:14] Merging 1 fragment for 'py_stmts'.
[2023-11-30 03:29:14] Merged 128 bytes for 'py_stmts'.
[2023-11-30 03:29:14] Merging 1 fragment for 'py_scopes'.
[2023-11-30 03:29:14] Merged 360 bytes for 'py_scopes'.
[2023-11-30 03:29:14] Merging 1 fragment for 'py_exprs'.
[2023-11-30 03:29:14] Merged 592 bytes for 'py_exprs'.
[2023-11-30 03:29:14] Merging 1 fragment for 'py_strs'.
[2023-11-30 03:29:14] Merged 72 bytes for 'py_strs'.
[2023-11-30 03:29:14] Merging 1 fragment for 'py_arguments'.
[2023-11-30 03:29:14] Merged 16 bytes for 'py_arguments'.
[2023-11-30 03:29:14] Merging 1 fragment for 'py_expr_lists'.
[2023-11-30 03:29:14] Merged 144 bytes for 'py_expr_lists'.
[2023-11-30 03:29:14] Merging 1 fragment for 'py_Functions'.
[2023-11-30 03:29:14] Merged 16 bytes for 'py_Functions'.
[2023-11-30 03:29:14] Merging 1 fragment for 'py_parameter_lists'.
[2023-11-30 03:29:14] Merged 8 bytes for 'py_parameter_lists'.
[2023-11-30 03:29:14] Merging 1 fragment for 'py_variables'.
[2023-11-30 03:29:14] Merged 88 bytes for 'py_variables'.
[2023-11-30 03:29:14] Merging 1 fragment for 'py_expr_contexts'.
[2023-11-30 03:29:14] Merged 132 bytes for 'py_expr_contexts'.
[2023-11-30 03:29:14] Merging 1 fragment for 'py_operators'.
[2023-11-30 03:29:14] Merged 12 bytes for 'py_operators'.
[2023-11-30 03:29:14] Merging 1 fragment for 'py_exports'.
[2023-11-30 03:29:14] Merged 16 bytes for 'py_exports'.
[2023-11-30 03:29:14] Merging 1 fragment for 'py_flow_bb_node'.
[2023-11-30 03:29:14] Merged 896 bytes for 'py_flow_bb_node'.
[2023-11-30 03:29:14] Merging 1 fragment for 'py_scope_flow'.
[2023-11-30 03:29:14] Merged 240 bytes for 'py_scope_flow'.
[2023-11-30 03:29:14] Merging 1 fragment for 'py_successors'.
[2023-11-30 03:29:14] Merged 400 bytes for 'py_successors'.
[2023-11-30 03:29:14] Merging 1 fragment for 'py_idoms'.
[2023-11-30 03:29:14] Merged 400 bytes for 'py_idoms'.
[2023-11-30 03:29:14] Merging 1 fragment for 'py_ssa_var'.
[2023-11-30 03:29:14] Merged 40 bytes for 'py_ssa_var'.
[2023-11-30 03:29:14] Merging 1 fragment for 'py_ssa_defn'.
[2023-11-30 03:29:14] Merged 40 bytes for 'py_ssa_defn'.
[2023-11-30 03:29:14] Merging 1 fragment for 'py_ssa_use'.
[2023-11-30 03:29:14] Merged 40 bytes for 'py_ssa_use'.
[2023-11-30 03:29:14] Merging 1 fragment for 'locations_ast'.
[2023-11-30 03:29:14] Merged 1248 bytes (1.22 KiB) for 'locations_ast'.
[2023-11-30 03:29:14] Merging 1 fragment for 'py_scope_location'.
[2023-11-30 03:29:14] Merged 32 bytes for 'py_scope_location'.
[2023-11-30 03:29:14] Merging 1 fragment for 'py_codelines'.
[2023-11-30 03:29:14] Merged 32 bytes for 'py_codelines'.
[2023-11-30 03:29:14] Merging 1 fragment for 'py_commentlines'.
[2023-11-30 03:29:14] Merged 32 bytes for 'py_commentlines'.
[2023-11-30 03:29:14] Merging 1 fragment for 'py_docstringlines'.
[2023-11-30 03:29:14] Merged 32 bytes for 'py_docstringlines'.
[2023-11-30 03:29:14] Merging 1 fragment for 'py_alllines'.
[2023-11-30 03:29:14] Merged 32 bytes for 'py_alllines'.
[2023-11-30 03:29:14] Merging 1 fragment for 'numlines'.
[2023-11-30 03:29:14] Merged 32 bytes for 'numlines'.
[2023-11-30 03:29:14] Merging 1 fragment for 'py_locations'.
[2023-11-30 03:29:14] Merged 360 bytes for 'py_locations'.
[2023-11-30 03:29:14] Merging 1 fragment for 'yaml_scalars'.
[2023-11-30 03:29:14] Merged 1332 bytes (1.30 KiB) for 'yaml_scalars'.
[2023-11-30 03:29:14] Merging 1 fragment for 'yaml'.
[2023-11-30 03:29:14] Merged 3648 bytes (3.56 KiB) for 'yaml'.
[2023-11-30 03:29:14] Merging 1 fragment for 'locations_default'.
[2023-11-30 03:29:14] Merged 3648 bytes (3.56 KiB) for 'locations_default'.
[2023-11-30 03:29:14] Merging 1 fragment for 'yaml_locations'.
[2023-11-30 03:29:14] Merged 1216 bytes (1.19 KiB) for 'yaml_locations'.
[2023-11-30 03:29:14] Merging 1 fragment for 'sourceLocationPrefix'.
[2023-11-30 03:29:14] Merged 4 bytes for 'sourceLocationPrefix'.
[2023-11-30 03:29:14] Merging 1 fragment for 'py_alias_lists'.
[2023-11-30 03:29:14] Merged 8 bytes for 'py_alias_lists'.
[2023-11-30 03:29:14] Merging 1 fragment for 'py_aliases'.
[2023-11-30 03:29:14] Merged 12 bytes for 'py_aliases'.
[2023-11-30 03:29:14] Merging 1 fragment for 'py_ints'.
[2023-11-30 03:29:14] Merged 8 bytes for 'py_ints'.
[2023-11-30 03:29:14] Merging 1 fragment for 'py_numbers'.
[2023-11-30 03:29:14] Merged 288 bytes for 'py_numbers'.
[2023-11-30 03:29:14] Merging 1 fragment for 'py_cmpop_lists'.
[2023-11-30 03:29:14] Merged 32 bytes for 'py_cmpop_lists'.
[2023-11-30 03:29:14] Merging 1 fragment for 'py_cmpops'.
[2023-11-30 03:29:14] Merged 64 bytes for 'py_cmpops'.
[2023-11-30 03:29:14] Merging 1 fragment for 'py_unaryops'.
[2023-11-30 03:29:14] Merged 12 bytes for 'py_unaryops'.
[2023-11-30 03:29:14] Merging 1 fragment for 'py_true_successors'.
[2023-11-30 03:29:14] Merged 32 bytes for 'py_true_successors'.
[2023-11-30 03:29:14] Merging 1 fragment for 'py_false_successors'.
[2023-11-30 03:29:14] Merged 32 bytes for 'py_false_successors'.
[2023-11-30 03:29:14] Merging 1 fragment for 'py_comments'.
[2023-11-30 03:29:14] Merged 12 bytes for 'py_comments'.
[2023-11-30 03:29:14] Saving string and id pools to disk.
[2023-11-30 03:29:14] Finished importing TRAP files.
[2023-11-30 03:29:14] Read 967.60 KiB of uncompressed TRAP data.
[2023-11-30 03:29:14] Relation data size: 189.51 KiB (merge rate: 4.04 MiB/s)
[2023-11-30 03:29:14] String pool size: 2.06 MiB
[2023-11-30 03:29:14] ID pool size: 1.22 MiB
[2023-11-30 03:29:14] [PROGRESS] dataset import> Finished writing database (relations: 189.51 KiB; string pool: 2.06 MiB).
[2023-11-30 03:29:14] Pausing evaluation to close the cache at sequence stamp o+3
[2023-11-30 03:29:14] The disk cache is freshly trimmed; leave it be.
[2023-11-30 03:29:14] Unpausing evaluation
[2023-11-30 03:29:14] Plumbing command codeql dataset import completed.
[2023-11-30 03:29:14] [PROGRESS] database finalize> TRAP import complete (584ms).
[2023-11-30 03:29:14] Running plumbing command: codeql database cleanup --mode=trim -- /home/chaca/Documents/Tese/Tese/security
[2023-11-30 03:29:14] [PROGRESS] database cleanup> Cleaning up existing TRAP files after import...
[2023-11-30 03:29:14] [PROGRESS] database cleanup> TRAP files cleaned up (1ms).
[2023-11-30 03:29:14] [PROGRESS] database cleanup> Cleaning up scratch directory...
[2023-11-30 03:29:14] [PROGRESS] database cleanup> Scratch directory cleaned up (0ms).
[2023-11-30 03:29:14] Running plumbing command: codeql dataset cleanup --mode=trim -- /home/chaca/Documents/Tese/Tese/security/db-python
[2023-11-30 03:29:14] [PROGRESS] dataset cleanup> Cleaning up dataset in /home/chaca/Documents/Tese/Tese/security/db-python.
[2023-11-30 03:29:14] Trimming disk cache at /home/chaca/Documents/Tese/Tese/security/db-python/default/cache in mode trim.
[2023-11-30 03:29:14] Sequence stamp origin is -6246793905016706419
[2023-11-30 03:29:14] Pausing evaluation to zealously trim disk at sequence stamp o+0
[2023-11-30 03:29:14] Unpausing evaluation
[2023-11-30 03:29:14] Trimming completed (2ms): Trimmed disposable data from cache.
[2023-11-30 03:29:14] Pausing evaluation to close the cache at sequence stamp o+1
[2023-11-30 03:29:14] The disk cache is freshly trimmed; leave it be.
[2023-11-30 03:29:14] Unpausing evaluation
[2023-11-30 03:29:14] [PROGRESS] dataset cleanup> Trimmed disposable data from cache.
[2023-11-30 03:29:14] [PROGRESS] dataset cleanup> Finalizing dataset in /home/chaca/Documents/Tese/Tese/security/db-python
[2023-11-30 03:29:14] [DETAILS] dataset cleanup> Finished deleting ID pool from /home/chaca/Documents/Tese/Tese/security/db-python (1ms).
[2023-11-30 03:29:14] Plumbing command codeql dataset cleanup completed.
[2023-11-30 03:29:14] Plumbing command codeql database cleanup completed with status 0.
[2023-11-30 03:29:14] [PROGRESS] database finalize> Finished zipping source archive (1.92 KiB).
[2023-11-30 03:29:14] Plumbing command codeql database finalize completed.
[2023-11-30 03:29:14] [PROGRESS] database create> Successfully created database at /home/chaca/Documents/Tese/Tese/security.
[2023-11-30 03:29:14] Terminating normally.
