[2023-11-30 03:29:13] This is codeql database index-files --include-extension=.yaml --include-extension=.yml --size-limit=5m --language yaml -- /home/chaca/Documents/Tese/Tese/security
[2023-11-30 03:29:13] Log file was started late.
[2023-11-30 03:29:13] Using index-files script /home/chaca/codeql-home/codeql/yaml/tools/index-files.sh.
[2023-11-30 03:29:13] [PROGRESS] database index-files> Scanning for files in /home/chaca/Documents/Tese/Tese...
[2023-11-30 03:29:13] Calling plumbing command: codeql resolve files --include-extension=.yaml --include-extension=.yml --size-limit=5m /home/chaca/Documents/Tese/Tese --format=json
[2023-11-30 03:29:13] [PROGRESS] resolve files> Scanning /home/chaca/Documents/Tese/Tese...
[2023-11-30 03:29:13] [PROGRESS] resolve files> Scanning /home/chaca/Documents/Tese/Tese/src...
[2023-11-30 03:29:13] [PROGRESS] resolve files> Scanning /home/chaca/Documents/Tese/Tese/.github...
[2023-11-30 03:29:13] [PROGRESS] resolve files> Scanning /home/chaca/Documents/Tese/Tese/.github/workflows...
[2023-11-30 03:29:13] [PROGRESS] resolve files> Scanning /home/chaca/Documents/Tese/Tese/Notas-Tese...
[2023-11-30 03:29:13] [PROGRESS] resolve files> Scanning /home/chaca/Documents/Tese/Tese/.git...
[2023-11-30 03:29:13] [PROGRESS] resolve files> Scanning /home/chaca/Documents/Tese/Tese/.git/hooks...
[2023-11-30 03:29:13] [PROGRESS] resolve files> Scanning /home/chaca/Documents/Tese/Tese/.git/logs...
[2023-11-30 03:29:13] [PROGRESS] resolve files> Scanning /home/chaca/Documents/Tese/Tese/.git/logs/refs...
[2023-11-30 03:29:13] [PROGRESS] resolve files> Scanning /home/chaca/Documents/Tese/Tese/.git/logs/refs/remotes...
[2023-11-30 03:29:13] [PROGRESS] resolve files> Scanning /home/chaca/Documents/Tese/Tese/.git/logs/refs/remotes/origin...
[2023-11-30 03:29:13] [PROGRESS] resolve files> Scanning /home/chaca/Documents/Tese/Tese/.git/logs/refs/heads...
[2023-11-30 03:29:13] [PROGRESS] resolve files> Scanning /home/chaca/Documents/Tese/Tese/.git/info...
[2023-11-30 03:29:13] [PROGRESS] resolve files> Scanning /home/chaca/Documents/Tese/Tese/.git/objects...
[2023-11-30 03:29:13] [PROGRESS] resolve files> Scanning /home/chaca/Documents/Tese/Tese/.git/objects/c6...
[2023-11-30 03:29:13] [PROGRESS] resolve files> Scanning /home/chaca/Documents/Tese/Tese/.git/objects/6f...
[2023-11-30 03:29:13] [PROGRESS] resolve files> Scanning /home/chaca/Documents/Tese/Tese/.git/objects/7c...
[2023-11-30 03:29:13] [PROGRESS] resolve files> Scanning /home/chaca/Documents/Tese/Tese/.git/objects/59...
[2023-11-30 03:29:13] [PROGRESS] resolve files> Scanning /home/chaca/Documents/Tese/Tese/.git/objects/9a...
[2023-11-30 03:29:13] [PROGRESS] resolve files> Scanning /home/chaca/Documents/Tese/Tese/.git/objects/info...
[2023-11-30 03:29:13] [PROGRESS] resolve files> Scanning /home/chaca/Documents/Tese/Tese/.git/objects/19...
[2023-11-30 03:29:13] [PROGRESS] resolve files> Scanning /home/chaca/Documents/Tese/Tese/.git/objects/3b...
[2023-11-30 03:29:13] [PROGRESS] resolve files> Scanning /home/chaca/Documents/Tese/Tese/.git/objects/0c...
[2023-11-30 03:29:13] [PROGRESS] resolve files> Scanning /home/chaca/Documents/Tese/Tese/.git/objects/9b...
[2023-11-30 03:29:13] [PROGRESS] resolve files> Scanning /home/chaca/Documents/Tese/Tese/.git/objects/pack...
[2023-11-30 03:29:13] [PROGRESS] resolve files> Scanning /home/chaca/Documents/Tese/Tese/.git/objects/ac...
[2023-11-30 03:29:13] [PROGRESS] resolve files> Scanning /home/chaca/Documents/Tese/Tese/.git/objects/c8...
[2023-11-30 03:29:13] [PROGRESS] resolve files> Scanning /home/chaca/Documents/Tese/Tese/.git/objects/45...
[2023-11-30 03:29:13] [PROGRESS] resolve files> Scanning /home/chaca/Documents/Tese/Tese/.git/objects/49...
[2023-11-30 03:29:13] [PROGRESS] resolve files> Scanning /home/chaca/Documents/Tese/Tese/.git/objects/db...
[2023-11-30 03:29:13] [PROGRESS] resolve files> Scanning /home/chaca/Documents/Tese/Tese/.git/objects/b3...
[2023-11-30 03:29:13] [PROGRESS] resolve files> Scanning /home/chaca/Documents/Tese/Tese/.git/objects/06...
[2023-11-30 03:29:13] [PROGRESS] resolve files> Scanning /home/chaca/Documents/Tese/Tese/.git/objects/2f...
[2023-11-30 03:29:13] [PROGRESS] resolve files> Scanning /home/chaca/Documents/Tese/Tese/.git/refs...
[2023-11-30 03:29:13] [PROGRESS] resolve files> Scanning /home/chaca/Documents/Tese/Tese/.git/refs/tags...
[2023-11-30 03:29:13] [PROGRESS] resolve files> Scanning /home/chaca/Documents/Tese/Tese/.git/refs/remotes...
[2023-11-30 03:29:13] [PROGRESS] resolve files> Scanning /home/chaca/Documents/Tese/Tese/.git/refs/remotes/origin...
[2023-11-30 03:29:13] [PROGRESS] resolve files> Scanning /home/chaca/Documents/Tese/Tese/.git/refs/heads...
[2023-11-30 03:29:13] [PROGRESS] resolve files> Scanning /home/chaca/Documents/Tese/Tese/.git/branches...
[2023-11-30 03:29:13] [PROGRESS] resolve files> Scanning /home/chaca/Documents/Tese/Tese/security...
[2023-11-30 03:29:13] [PROGRESS] resolve files> Scanning /home/chaca/Documents/Tese/Tese/security/diagnostic...
[2023-11-30 03:29:13] [PROGRESS] resolve files> Scanning /home/chaca/Documents/Tese/Tese/security/diagnostic/tracer...
[2023-11-30 03:29:13] [PROGRESS] resolve files> Scanning /home/chaca/Documents/Tese/Tese/security/diagnostic/extractors...
[2023-11-30 03:29:13] [PROGRESS] resolve files> Scanning /home/chaca/Documents/Tese/Tese/security/diagnostic/extractors/python...
[2023-11-30 03:29:13] [PROGRESS] resolve files> Scanning /home/chaca/Documents/Tese/Tese/security/src...
[2023-11-30 03:29:13] [PROGRESS] resolve files> Scanning /home/chaca/Documents/Tese/Tese/security/src/home...
[2023-11-30 03:29:13] [PROGRESS] resolve files> Scanning /home/chaca/Documents/Tese/Tese/security/src/home/chaca...
[2023-11-30 03:29:13] [PROGRESS] resolve files> Scanning /home/chaca/Documents/Tese/Tese/security/src/home/chaca/Documents...
[2023-11-30 03:29:13] [PROGRESS] resolve files> Scanning /home/chaca/Documents/Tese/Tese/security/src/home/chaca/Documents/Tese...
[2023-11-30 03:29:13] [PROGRESS] resolve files> Scanning /home/chaca/Documents/Tese/Tese/security/src/home/chaca/Documents/Tese/Tese...
[2023-11-30 03:29:13] [PROGRESS] resolve files> Scanning /home/chaca/Documents/Tese/Tese/security/src/home/chaca/Documents/Tese/Tese/src...
[2023-11-30 03:29:13] [PROGRESS] resolve files> Scanning /home/chaca/Documents/Tese/Tese/security/src/home/chaca/Documents/Tese/Tese/tests...
[2023-11-30 03:29:13] [PROGRESS] resolve files> Scanning /home/chaca/Documents/Tese/Tese/security/log...
[2023-11-30 03:29:13] [PROGRESS] resolve files> Scanning /home/chaca/Documents/Tese/Tese/security/working...
[2023-11-30 03:29:13] [PROGRESS] resolve files> Scanning /home/chaca/Documents/Tese/Tese/security/working/emptyk_oe0a7m...
[2023-11-30 03:29:13] [PROGRESS] resolve files> Scanning /home/chaca/Documents/Tese/Tese/security/working/trap_cache...
[2023-11-30 03:29:13] [PROGRESS] resolve files> Scanning /home/chaca/Documents/Tese/Tese/security/working/trap_cache/1...
[2023-11-30 03:29:13] [PROGRESS] resolve files> Scanning /home/chaca/Documents/Tese/Tese/security/trap...
[2023-11-30 03:29:13] [PROGRESS] resolve files> Scanning /home/chaca/Documents/Tese/Tese/security/trap/python...
[2023-11-30 03:29:13] [PROGRESS] resolve files> Scanning /home/chaca/Documents/Tese/Tese/tests...
[2023-11-30 03:29:13] Plumbing command codeql resolve files completed:
                      [
                        "/home/chaca/Documents/Tese/Tese/.github/workflows/hello_world.yaml",
                        "/home/chaca/Documents/Tese/Tese/.github/workflows/pytest.yml",
                        "/home/chaca/Documents/Tese/Tese/security/codeql-database.yml"
                      ]
[2023-11-30 03:29:13] [DETAILS] database index-files> Found 3 files.
[2023-11-30 03:29:13] [PROGRESS] database index-files> /home/chaca/Documents/Tese/Tese/security: Indexing files in in /home/chaca/Documents/Tese/Tese...
[2023-11-30 03:29:13] Using index-files script /home/chaca/codeql-home/codeql/yaml/tools/index-files.sh.
[2023-11-30 03:29:13] [PROGRESS] database index-files> Running command in /home/chaca/Documents/Tese/Tese: [/home/chaca/codeql-home/codeql/yaml/tools/index-files.sh, /home/chaca/Documents/Tese/Tese/security/working/files-to-index12326397298151457153.list]
[2023-11-30 03:29:13] Terminating normally.
